[ERROR] Query error:Table 'traning.photo' doesn't exist
[ERROR] Query error:Table 'traning.photo' doesn't exist
[ERROR] Query error:Table 'traning.phtos' doesn't exist
[ERROR] Query error:You have an error in your SQL syntax; check the manual that corresponds to your MariaDB server version for the right syntax to use near 'OFFET  ?' at line 1
[ERROR] Query error:
[ERROR] Query error:
[ERROR] Query error:
[ERROR] Query error:
[ERROR] Query error:Table 'traning.photo' doesn't exist
[ERROR] Query error:Table 'traning.photo' doesn't exist
[ERROR] Query error:Table 'traning.photo' doesn't exist
[ERROR] Query error:You have an error in your SQL syntax; check the manual that corresponds to your MariaDB server version for the right syntax to use near '= ?' at line 1
[ERROR] Query error:You have an error in your SQL syntax; check the manual that corresponds to your MariaDB server version for the right syntax to use near '?' at line 1
[ERROR] Query error:Column count doesn't match value count at row 1
[ERROR] Query error:Table 'igsm-box.user' doesn't exist
[ERROR] Query error:Table 'igsm-box.user' doesn't exist
[ERROR] Query error:Unknown column 'password' in 'field list'
[ERROR] Query error:Unknown column 'password' in 'field list'
[ERROR] Query error:Column count doesn't match value count at row 1
[ERROR] Query error:Column count doesn't match value count at row 1
[ERROR] Query error:Unknown column 'name' in 'field list'
[ERROR] Query error:Unknown column 'name' in 'field list'
[ERROR] Query error:Unknown column 'name' in 'field list'
[ERROR] Query error: Unknown column 'id' in 'where clause'
[ERROR] Query error: Unknown column 'id' in 'where clause'
[ERROR] Query error: Unknown column 'id' in 'where clause'
[ERROR] Query error: Unknown column 'id' in 'where clause'
[ERROR] Query error:Unknown column 'id' in 'where clause'
[ERROR] Query error:Unknown column 'id' in 'where clause'
[ERROR] /Applications/XAMPP/xamppfiles/htdocs/iGSM-PHP-DEMO/core/functions.php-87 Query error: Unknown column 'emai' in 'where clause'
[ERROR] /Applications/XAMPP/xamppfiles/htdocs/iGSM-PHP-DEMO/core/functions.php:89[ ERROR,Query error: Unknown column 'emai' in 'where clause' ] Query error: Unknown column 'emai' in 'where clause'
[ERROR] /Applications/XAMPP/xamppfiles/htdocs/iGSM-PHP-DEMO/core/controllers.php:172 Query error: Unknown column 'emai' in 'where clause'
[ERROR] : Query error: Unknown column 'emai' in 'where clause'
[ERROR] /Applications/XAMPP/xamppfiles/htdocs/iGSM-PHP-DEMO/core/functions.php:88 Query error: Unknown column 'emai' in 'where clause'
[ERROR] 2020-05-12T19:05:01+0200 /Applications/XAMPP/xamppfiles/htdocs/iGSM-PHP-DEMO/core/functions.php:88 Query error: Unknown column 'emai' in 'where clause'
